NULL
[08:53:36] [START] 06_integration.R — log: /home/santi/github_repos/propietary/snRNAseq_mouse/logs/06_integration_20260418_085336.log
[08:53:36] [LOAD] No checkpoint_05 — assembling from individual sct_*.rds files in /home/santi/github_repos/propietary/snRNAseq_mouse/output/GSE194315/SCT/RData/sct_objects/
[08:53:36] [LOAD] Found 28 SCT objects — reading...
[08:53:36]   Loading: PBMC-01-1
[08:53:42]   Loading: PBMC-01-2
[08:53:47]   Loading: PBMC-01-3
[08:53:53]   Loading: PBMC-01-4
[08:53:58]   Loading: PBMC-02-1
[08:54:00]   Loading: PBMC-02-2
[08:54:01]   Loading: PBMC-02-3
[08:54:03]   Loading: PBMC-02-4
[08:54:05]   Loading: PBMC-03-1
[08:54:09]   Loading: PBMC-03-2
[08:54:12]   Loading: PBMC-03-3
[08:54:15]   Loading: PBMC-03-4
[08:54:17]   Loading: PBMC-04-1
[08:54:22]   Loading: PBMC-04-2
[08:54:27]   Loading: PBMC-04-3
[08:54:33]   Loading: PBMC-04-4
[08:54:40]   Loading: PBMC-05-1
[08:54:54]   Loading: PBMC-05-2
[08:55:07]   Loading: PBMC-05-3
[08:55:11]   Loading: PBMC-05-4
[08:55:18]   Loading: PBMC-06-1
[08:55:24]   Loading: PBMC-06-2
[08:55:31]   Loading: PBMC-06-3
[08:55:41]   Loading: PBMC-06-4
[08:55:53]   Loading: PBMC-07-1
[08:56:03]   Loading: PBMC-07-2
[08:56:21]   Loading: PBMC-07-3
[08:56:25]   Loading: PBMC-07-4
[08:56:33] [RAM] After loading all SCT objects: 24.7 GB used
[CHECKPOINT] Saved: /home/santi/github_repos/propietary/snRNAseq_mouse/output/GSE194315/SCT/RData/checkpoint_05_sct_objects.rds  (09:21:49)
[09:21:49] [CHECKPOINT] Saved: checkpoint_05_sct_objects.rds
SCT objects loaded: 28 
Total cells (post-SCT): 322642 
[09:21:50] [OK] SCT objects: 28 libraries, 322642 total cells
[09:21:50] [RAM] Before integration: 24.7 GB used
[09:21:58] [INTEGRATION] SelectIntegrationFeatures (nfeatures=2000)...
[09:22:08] [OK] Features selected: 2000
[09:22:08] [INTEGRATION] PrepSCTIntegration...
